\BOOKMARK [0][-]{chapter*.1}{\376\377\000D\000e\000c\000l\000a\000r\000a\000t\000i\000o\000n}{}% 1
\BOOKMARK [0][-]{chapter*.2}{\376\377\000A\000c\000k\000n\000o\000w\000l\000e\000d\000g\000e\000m\000e\000n\000t\000s}{}% 2
\BOOKMARK [0][-]{chapter*.3}{\376\377\000A\000b\000s\000t\000r\000a\000c\000t}{}% 3
\BOOKMARK [0][-]{chapter.1}{\376\377\000I\000n\000t\000r\000o\000d\000u\000c\000t\000i\000o\000n}{}% 4
\BOOKMARK [1][-]{section.1.1}{\376\377\000B\000a\000c\000k\000g\000r\000o\000u\000n\000d}{chapter.1}% 5
\BOOKMARK [1][-]{section.1.2}{\376\377\000P\000r\000o\000b\000l\000e\000m\000\040\000S\000t\000a\000t\000e\000m\000e\000n\000t}{chapter.1}% 6
\BOOKMARK [1][-]{section.1.3}{\376\377\000R\000e\000s\000e\000a\000r\000c\000h\000\040\000Q\000u\000e\000s\000t\000i\000o\000n\000s}{chapter.1}% 7
\BOOKMARK [1][-]{section.1.4}{\376\377\000C\000o\000n\000t\000r\000i\000b\000u\000t\000i\000o\000n\000s}{chapter.1}% 8
\BOOKMARK [1][-]{section.1.5}{\376\377\000T\000h\000e\000s\000i\000s\000\040\000S\000t\000r\000u\000c\000t\000u\000r\000e}{chapter.1}% 9
\BOOKMARK [0][-]{chapter.2}{\376\377\000L\000i\000t\000e\000r\000a\000t\000u\000r\000e\000\040\000R\000e\000v\000i\000e\000w}{}% 10
\BOOKMARK [1][-]{section.2.1}{\376\377\000R\000u\000n\000n\000i\000n\000g\000\040\000T\000e\000c\000h\000n\000i\000q\000u\000e\000\040\000A\000n\000a\000l\000y\000s\000i\000s}{chapter.2}% 11
\BOOKMARK [1][-]{section.2.2}{\376\377\000M\000a\000r\000k\000e\000r\000-\000B\000a\000s\000e\000d\000\040\000a\000n\000d\000\040\000M\000a\000r\000k\000e\000r\000l\000e\000s\000s\000\040\000M\000o\000t\000i\000o\000n\000\040\000A\000n\000a\000l\000y\000s\000i\000s}{chapter.2}% 12
\BOOKMARK [1][-]{section.2.3}{\376\377\000H\000u\000m\000a\000n\000\040\000P\000o\000s\000e\000\040\000E\000s\000t\000i\000m\000a\000t\000i\000o\000n\000\040\000f\000o\000r\000\040\000M\000o\000v\000e\000m\000e\000n\000t\000\040\000U\000n\000d\000e\000r\000s\000t\000a\000n\000d\000i\000n\000g}{chapter.2}% 13
\BOOKMARK [1][-]{section.2.4}{\376\377\000R\000u\000n\000n\000i\000n\000g\000\040\000C\000y\000c\000l\000e\000\040\000a\000n\000d\000\040\000G\000a\000i\000t\000\040\000P\000h\000a\000s\000e\000\040\000D\000e\000t\000e\000c\000t\000i\000o\000n}{chapter.2}% 14
\BOOKMARK [1][-]{section.2.5}{\376\377\000P\000o\000s\000e\000-\000B\000a\000s\000e\000d\000\040\000A\000c\000t\000i\000o\000n\000\040\000C\000l\000a\000s\000s\000i\000f\000i\000c\000a\000t\000i\000o\000n}{chapter.2}% 15
\BOOKMARK [1][-]{section.2.6}{\376\377\000I\000m\000a\000g\000e\000-\000B\000a\000s\000e\000d\000\040\000V\000i\000d\000e\000o\000\040\000C\000l\000a\000s\000s\000i\000f\000i\000c\000a\000t\000i\000o\000n}{chapter.2}% 16
\BOOKMARK [1][-]{section.2.7}{\376\377\000E\000v\000a\000l\000u\000a\000t\000i\000o\000n\000\040\000P\000r\000o\000t\000o\000c\000o\000l\000s\000\040\000f\000o\000r\000\040\000M\000u\000l\000t\000i\000-\000C\000y\000c\000l\000e\000\040\000V\000i\000d\000e\000o\000\040\000D\000a\000t\000a}{chapter.2}% 17
\BOOKMARK [1][-]{section.2.8}{\376\377\000R\000e\000s\000e\000a\000r\000c\000h\000\040\000G\000a\000p}{chapter.2}% 18
\BOOKMARK [0][-]{chapter.3}{\376\377\000M\000e\000t\000h\000o\000d\000o\000l\000o\000g\000y}{}% 19
\BOOKMARK [1][-]{section.3.1}{\376\377\000O\000v\000e\000r\000v\000i\000e\000w\000\040\000o\000f\000\040\000t\000h\000e\000\040\000P\000r\000o\000p\000o\000s\000e\000d\000\040\000F\000r\000a\000m\000e\000w\000o\000r\000k}{chapter.3}% 20
\BOOKMARK [1][-]{section.3.2}{\376\377\000D\000a\000t\000a\000s\000e\000t\000\040\000C\000o\000n\000s\000t\000r\000u\000c\000t\000i\000o\000n\000\040\000a\000n\000d\000\040\000S\000p\000l\000i\000t\000t\000i\000n\000g\000\040\000P\000r\000o\000t\000o\000c\000o\000l}{chapter.3}% 21
\BOOKMARK [1][-]{section.3.3}{\376\377\000M\000a\000r\000k\000e\000r\000l\000e\000s\000s\000\040\000P\000o\000s\000e\000\040\000E\000s\000t\000i\000m\000a\000t\000i\000o\000n}{chapter.3}% 22
\BOOKMARK [1][-]{section.3.4}{\376\377\000L\000a\000n\000d\000m\000a\000r\000k\000\040\000F\000i\000l\000t\000e\000r\000i\000n\000g\000\040\000a\000n\000d\000\040\000N\000o\000r\000m\000a\000l\000i\000z\000a\000t\000i\000o\000n}{chapter.3}% 23
\BOOKMARK [1][-]{section.3.5}{\376\377\000M\000o\000t\000i\000o\000n\000\040\000S\000i\000g\000n\000a\000l\000\040\000E\000x\000t\000r\000a\000c\000t\000i\000o\000n}{chapter.3}% 24
\BOOKMARK [1][-]{section.3.6}{\376\377\000R\000u\000n\000n\000i\000n\000g\000\040\000C\000y\000c\000l\000e\000\040\000D\000e\000t\000e\000c\000t\000i\000o\000n}{chapter.3}% 25
\BOOKMARK [2][-]{subsection.3.6.1}{\376\377\000H\000a\000n\000d\000m\000a\000d\000e\000\040\000C\000y\000c\000l\000e\000\040\000S\000e\000g\000m\000e\000n\000t\000a\000t\000i\000o\000n}{section.3.6}% 26
\BOOKMARK [2][-]{subsection.3.6.2}{\376\377\000A\000u\000t\000o\000c\000o\000r\000r\000e\000l\000a\000t\000i\000o\000n\000-\000B\000a\000s\000e\000d\000\040\000A\000u\000t\000o\000m\000a\000t\000i\000c\000\040\000C\000y\000c\000l\000e\000\040\000D\000e\000t\000e\000c\000t\000i\000o\000n}{section.3.6}% 27
\BOOKMARK [2][-]{subsection.3.6.3}{\376\377\000B\000o\000u\000n\000d\000a\000r\000y\000\040\000D\000e\000t\000e\000c\000t\000o\000r\000-\000B\000a\000s\000e\000d\000\040\000C\000y\000c\000l\000e\000\040\000D\000e\000t\000e\000c\000t\000i\000o\000n}{section.3.6}% 28
\BOOKMARK [2][-]{subsection.3.6.4}{\376\377\000C\000y\000c\000l\000e\000\040\000Q\000u\000a\000l\000i\000t\000y\000\040\000F\000i\000l\000t\000e\000r\000i\000n\000g}{section.3.6}% 29
\BOOKMARK [1][-]{section.3.7}{\376\377\000E\000i\000g\000h\000t\000-\000P\000h\000a\000s\000e\000\040\000C\000y\000c\000l\000e\000\040\000S\000a\000m\000p\000l\000i\000n\000g}{chapter.3}% 30
\BOOKMARK [1][-]{section.3.8}{\376\377\000L\000a\000n\000d\000m\000a\000r\000k\000-\000B\000a\000s\000e\000d\000\040\000P\000o\000s\000e\000\040\000R\000e\000p\000r\000e\000s\000e\000n\000t\000a\000t\000i\000o\000n}{chapter.3}% 31
\BOOKMARK [1][-]{section.3.9}{\376\377\000I\000m\000a\000g\000e\000-\000B\000a\000s\000e\000d\000\040\000C\000y\000c\000l\000e\000\040\000R\000e\000p\000r\000e\000s\000e\000n\000t\000a\000t\000i\000o\000n}{chapter.3}% 32
\BOOKMARK [1][-]{section.3.10}{\376\377\000C\000l\000a\000s\000s\000i\000f\000i\000c\000a\000t\000i\000o\000n\000\040\000M\000o\000d\000e\000l\000s}{chapter.3}% 33
\BOOKMARK [2][-]{subsection.3.10.1}{\376\377\000M\000L\000P\000\040\000B\000a\000s\000e\000l\000i\000n\000e}{section.3.10}% 34
\BOOKMARK [2][-]{subsection.3.10.2}{\376\377\000O\000n\000e\000-\000D\000i\000m\000e\000n\000s\000i\000o\000n\000a\000l\000\040\000C\000N\000N}{section.3.10}% 35
\BOOKMARK [2][-]{subsection.3.10.3}{\376\377\000B\000i\000L\000S\000T\000M}{section.3.10}% 36
\BOOKMARK [2][-]{subsection.3.10.4}{\376\377\000C\000N\000N\000-\000B\000i\000L\000S\000T\000M}{section.3.10}% 37
\BOOKMARK [2][-]{subsection.3.10.5}{\376\377\000M\000o\000b\000i\000l\000e\000N\000e\000t\000V\0002\000-\000L\000S\000T\000M}{section.3.10}% 38
\BOOKMARK [2][-]{subsection.3.10.6}{\376\377\000G\000R\000U\000\040\000f\000o\000r\000\040\000R\000a\000w\000\040\000S\000e\000q\000u\000e\000n\000c\000e\000\040\000M\000o\000d\000e\000l\000i\000n\000g}{section.3.10}% 39
\BOOKMARK [1][-]{section.3.11}{\376\377\000C\000y\000c\000l\000e\000-\000L\000e\000v\000e\000l\000\040\000a\000n\000d\000\040\000V\000i\000d\000e\000o\000-\000L\000e\000v\000e\000l\000\040\000P\000r\000e\000d\000i\000c\000t\000i\000o\000n}{chapter.3}% 40
\BOOKMARK [1][-]{section.3.12}{\376\377\000T\000h\000r\000e\000s\000h\000o\000l\000d\000\040\000S\000e\000l\000e\000c\000t\000i\000o\000n}{chapter.3}% 41
\BOOKMARK [1][-]{section.3.13}{\376\377\000I\000m\000p\000l\000e\000m\000e\000n\000t\000a\000t\000i\000o\000n\000\040\000O\000u\000t\000p\000u\000t\000s}{chapter.3}% 42
\BOOKMARK [0][-]{chapter.4}{\376\377\000E\000x\000p\000e\000r\000i\000m\000e\000n\000t\000a\000l\000\040\000S\000e\000t\000u\000p}{}% 43
\BOOKMARK [1][-]{section.4.1}{\376\377\000D\000a\000t\000a\000s\000e\000t\000\040\000S\000p\000l\000i\000t\000\040\000a\000n\000d\000\040\000E\000v\000a\000l\000u\000a\000t\000i\000o\000n\000\040\000P\000r\000o\000t\000o\000c\000o\000l}{chapter.4}% 44
\BOOKMARK [1][-]{section.4.2}{\376\377\000E\000x\000p\000e\000r\000i\000m\000e\000n\000t\000a\000l\000\040\000P\000i\000p\000e\000l\000i\000n\000e\000s}{chapter.4}% 45
\BOOKMARK [1][-]{section.4.3}{\376\377\000M\000o\000d\000e\000l\000\040\000T\000r\000a\000i\000n\000i\000n\000g\000\040\000C\000o\000n\000f\000i\000g\000u\000r\000a\000t\000i\000o\000n}{chapter.4}% 46
\BOOKMARK [1][-]{section.4.4}{\376\377\000E\000v\000a\000l\000u\000a\000t\000i\000o\000n\000\040\000M\000e\000t\000r\000i\000c\000s}{chapter.4}% 47
\BOOKMARK [1][-]{section.4.5}{\376\377\000A\000b\000l\000a\000t\000i\000o\000n\000\040\000S\000t\000u\000d\000y\000\040\000D\000e\000s\000i\000g\000n}{chapter.4}% 48
\BOOKMARK [2][-]{subsection.4.5.1}{\376\377\000M\000o\000d\000e\000l\000\040\000A\000b\000l\000a\000t\000i\000o\000n}{section.4.5}% 49
\BOOKMARK [2][-]{subsection.4.5.2}{\376\377\000F\000e\000a\000t\000u\000r\000e\000\040\000A\000b\000l\000a\000t\000i\000o\000n}{section.4.5}% 50
\BOOKMARK [2][-]{subsection.4.5.3}{\376\377\000S\000i\000g\000n\000a\000l\000\040\000A\000b\000l\000a\000t\000i\000o\000n}{section.4.5}% 51
\BOOKMARK [2][-]{subsection.4.5.4}{\376\377\000F\000r\000a\000m\000e\000s\000-\000p\000e\000r\000-\000C\000y\000c\000l\000e\000\040\000A\000b\000l\000a\000t\000i\000o\000n}{section.4.5}% 52
\BOOKMARK [2][-]{subsection.4.5.5}{\376\377\000R\000e\000p\000r\000e\000s\000e\000n\000t\000a\000t\000i\000o\000n\000\040\000A\000b\000l\000a\000t\000i\000o\000n}{section.4.5}% 53
\BOOKMARK [2][-]{subsection.4.5.6}{\376\377\000C\000y\000c\000l\000e\000-\000L\000e\000v\000e\000l\000\040\000v\000e\000r\000s\000u\000s\000\040\000V\000i\000d\000e\000o\000-\000L\000e\000v\000e\000l\000\040\000E\000v\000a\000l\000u\000a\000t\000i\000o\000n}{section.4.5}% 54
\BOOKMARK [2][-]{subsection.4.5.7}{\376\377\000T\000h\000r\000e\000s\000h\000o\000l\000d\000\040\0000\000.\0005\000\040\000v\000e\000r\000s\000u\000s\000\040\000T\000u\000n\000e\000d\000\040\000T\000h\000r\000e\000s\000h\000o\000l\000d}{section.4.5}% 55
\BOOKMARK [2][-]{subsection.4.5.8}{\376\377\000P\000o\000s\000e\000\040\000a\000n\000d\000\040\000C\000y\000c\000l\000e\000\040\000Q\000u\000a\000l\000i\000t\000y\000\040\000A\000n\000a\000l\000y\000s\000i\000s}{section.4.5}% 56
\BOOKMARK [2][-]{subsection.4.5.9}{\376\377\000F\000a\000i\000r\000\040\000G\000a\000p\000\040\000R\000o\000b\000u\000s\000t\000n\000e\000s\000s\000\040\000C\000h\000e\000c\000k\000\040\000a\000n\000d\000\040\000P\000e\000r\000m\000u\000t\000a\000t\000i\000o\000n\000\040\000T\000e\000s\000t}{section.4.5}% 57
\BOOKMARK [0][-]{chapter.5}{\376\377\000R\000e\000s\000u\000l\000t\000s}{}% 58
\BOOKMARK [1][-]{section.5.1}{\376\377\000D\000a\000t\000a\000s\000e\000t\000\040\000S\000t\000a\000t\000i\000s\000t\000i\000c\000s}{chapter.5}% 59
\BOOKMARK [1][-]{section.5.2}{\376\377\000H\000a\000n\000d\000m\000a\000d\000e\000\040\000L\000a\000n\000d\000m\000a\000r\000k\000\040\000U\000p\000p\000e\000r\000\040\000B\000o\000u\000n\000d}{chapter.5}% 60
\BOOKMARK [1][-]{section.5.3}{\376\377\000A\000u\000t\000o\000c\000o\000r\000r\000\040\000L\000a\000n\000d\000m\000a\000r\000k\000\040\000B\000a\000s\000e\000l\000i\000n\000e}{chapter.5}% 61
\BOOKMARK [1][-]{section.5.4}{\376\377\000H\000a\000n\000d\000m\000a\000d\000e\000\040\000v\000e\000r\000s\000u\000s\000\040\000A\000u\000t\000o\000c\000o\000r\000r\000\040\000C\000o\000m\000p\000a\000r\000i\000s\000o\000n}{chapter.5}% 62
\BOOKMARK [1][-]{section.5.5}{\376\377\000F\000a\000i\000r\000\040\000G\000a\000p\000\040\000R\000o\000b\000u\000s\000t\000n\000e\000s\000s\000\040\000C\000h\000e\000c\000k}{chapter.5}% 63
\BOOKMARK [1][-]{section.5.6}{\376\377\000M\000o\000d\000e\000l\000\040\000A\000b\000l\000a\000t\000i\000o\000n\000\040\000R\000e\000s\000u\000l\000t\000s}{chapter.5}% 64
\BOOKMARK [1][-]{section.5.7}{\376\377\000F\000e\000a\000t\000u\000r\000e\000\040\000A\000b\000l\000a\000t\000i\000o\000n\000\040\000R\000e\000s\000u\000l\000t\000s}{chapter.5}% 65
\BOOKMARK [1][-]{section.5.8}{\376\377\000S\000i\000g\000n\000a\000l\000\040\000A\000b\000l\000a\000t\000i\000o\000n\000\040\000R\000e\000s\000u\000l\000t\000s}{chapter.5}% 66
\BOOKMARK [1][-]{section.5.9}{\376\377\000F\000r\000a\000m\000e\000s\000-\000p\000e\000r\000-\000C\000y\000c\000l\000e\000\040\000A\000b\000l\000a\000t\000i\000o\000n\000\040\000R\000e\000s\000u\000l\000t\000s}{chapter.5}% 67
\BOOKMARK [1][-]{section.5.10}{\376\377\000A\000u\000t\000o\000c\000o\000r\000r\000\040\000V\000e\000r\000s\000i\000o\000n\000\040\000H\000i\000s\000t\000o\000r\000y\000\040\000a\000n\000d\000\040\000M\000e\000t\000h\000o\000d\000\040\000E\000v\000o\000l\000u\000t\000i\000o\000n}{chapter.5}% 68
\BOOKMARK [1][-]{section.5.11}{\376\377\000A\000u\000t\000o\000c\000o\000r\000r\000\040\000I\000m\000a\000g\000e\000-\000B\000a\000s\000e\000d\000\040\000R\000e\000s\000u\000l\000t\000s}{chapter.5}% 69
\BOOKMARK [1][-]{section.5.12}{\376\377\000L\000a\000n\000d\000m\000a\000r\000k\000-\000B\000a\000s\000e\000d\000\040\000v\000e\000r\000s\000u\000s\000\040\000I\000m\000a\000g\000e\000-\000B\000a\000s\000e\000d\000\040\000R\000e\000p\000r\000e\000s\000e\000n\000t\000a\000t\000i\000o\000n}{chapter.5}% 70
\BOOKMARK [1][-]{section.5.13}{\376\377\000C\000y\000c\000l\000e\000-\000L\000e\000v\000e\000l\000\040\000v\000e\000r\000s\000u\000s\000\040\000V\000i\000d\000e\000o\000-\000L\000e\000v\000e\000l\000\040\000E\000v\000a\000l\000u\000a\000t\000i\000o\000n}{chapter.5}% 71
\BOOKMARK [1][-]{section.5.14}{\376\377\000T\000h\000r\000e\000s\000h\000o\000l\000d\000\040\0000\000.\0005\000\040\000v\000e\000r\000s\000u\000s\000\040\000T\000u\000n\000e\000d\000\040\000T\000h\000r\000e\000s\000h\000o\000l\000d}{chapter.5}% 72
\BOOKMARK [1][-]{section.5.15}{\376\377\000P\000o\000s\000e\000\040\000a\000n\000d\000\040\000C\000y\000c\000l\000e\000\040\000Q\000u\000a\000l\000i\000t\000y\000\040\000A\000n\000a\000l\000y\000s\000i\000s}{chapter.5}% 73
\BOOKMARK [1][-]{section.5.16}{\376\377\000B\000o\000u\000n\000d\000a\000r\000y\000\040\000D\000e\000t\000e\000c\000t\000o\000r\000\040\000a\000n\000d\000\040\000R\000a\000w\000\040\000S\000e\000q\000u\000e\000n\000c\000e\000\040\000R\000e\000s\000u\000l\000t\000s}{chapter.5}% 74
\BOOKMARK [1][-]{section.5.17}{\376\377\000S\000u\000m\000m\000a\000r\000y\000\040\000o\000f\000\040\000M\000a\000i\000n\000\040\000F\000i\000n\000d\000i\000n\000g\000s}{chapter.5}% 75
\BOOKMARK [0][-]{chapter.6}{\376\377\000D\000i\000s\000c\000u\000s\000s\000i\000o\000n}{}% 76
\BOOKMARK [1][-]{section.6.1}{\376\377\000I\000n\000t\000e\000r\000p\000r\000e\000t\000a\000t\000i\000o\000n\000\040\000o\000f\000\040\000t\000h\000e\000\040\000M\000a\000i\000n\000\040\000F\000i\000n\000d\000i\000n\000g\000s}{chapter.6}% 77
\BOOKMARK [1][-]{section.6.2}{\376\377\000E\000f\000f\000e\000c\000t\000\040\000o\000f\000\040\000C\000y\000c\000l\000e\000\040\000S\000o\000u\000r\000c\000e}{chapter.6}% 78
\BOOKMARK [1][-]{section.6.3}{\376\377\000E\000f\000f\000e\000c\000t\000\040\000o\000f\000\040\000R\000e\000p\000r\000e\000s\000e\000n\000t\000a\000t\000i\000o\000n\000:\000\040\000L\000a\000n\000d\000m\000a\000r\000k\000\040\000v\000e\000r\000s\000u\000s\000\040\000I\000m\000a\000g\000e}{chapter.6}% 79
\BOOKMARK [1][-]{section.6.4}{\376\377\000E\000f\000f\000e\000c\000t\000\040\000o\000f\000\040\000M\000o\000d\000e\000l\000\040\000A\000r\000c\000h\000i\000t\000e\000c\000t\000u\000r\000e}{chapter.6}% 80
\BOOKMARK [1][-]{section.6.5}{\376\377\000E\000f\000f\000e\000c\000t\000\040\000o\000f\000\040\000S\000i\000g\000n\000a\000l\000\040\000C\000h\000o\000i\000c\000e}{chapter.6}% 81
\BOOKMARK [1][-]{section.6.6}{\376\377\000E\000f\000f\000e\000c\000t\000\040\000o\000f\000\040\000F\000e\000a\000t\000u\000r\000e\000\040\000R\000e\000p\000r\000e\000s\000e\000n\000t\000a\000t\000i\000o\000n}{chapter.6}% 82
\BOOKMARK [1][-]{section.6.7}{\376\377\000E\000f\000f\000e\000c\000t\000\040\000o\000f\000\040\000F\000r\000a\000m\000e\000\040\000R\000e\000s\000o\000l\000u\000t\000i\000o\000n\000\040\000p\000e\000r\000\040\000C\000y\000c\000l\000e}{chapter.6}% 83
\BOOKMARK [1][-]{section.6.8}{\376\377\000C\000y\000c\000l\000e\000-\000L\000e\000v\000e\000l\000\040\000v\000e\000r\000s\000u\000s\000\040\000V\000i\000d\000e\000o\000-\000L\000e\000v\000e\000l\000\040\000I\000n\000t\000e\000r\000p\000r\000e\000t\